first 0.8430555555555556
second_330 0.7928571428571428
second_210 Only one class
second_220 0.8
second_320 Only one class
second_310 0.9444444444444444
second_100 Only one class
second_520 Only one class
second_300 Only one class
second_740 Only one class
second_732 Only one class
second_790 Only one class
second_230 Only one class
second_400 Only one class
second_510 0.5
third_330.26 0.8925925925925926
third_330.30 0.8777777777777778
third_330.28 0.6352657004830918
third_330.32 0.8222222222222222
third_330.25 0.9714285714285714
third_330.27 Only one class
third_330.29 Only one class
third_330.31 Only one class
third_330.00 Only one class
third_330.23 1.0
third_330.13 Only one class
third_330.16 Only one class
third_330.17 Only one class
third_330.22 Only one class
third_210.00 0.7777777777777778
third_220.41 Only one class
third_220.00 Only one class
third_220.25 Only one class
third_220.42 0.9698412698412698
third_220.23 Only one class
third_220.28 Only one class
third_320.26 0.7037037037037037
third_310.30 0.9944444444444445
third_310.29 0.9944444444444445
third_310.00 Only one class
third_100.00 1.0
third_520.00 Only one class
third_300.00 Only one class
third_740.00 Only one class
third_732.00 Only one class
third_790.00 Only one class
third_230.00 1.0
third_400.00 1.0
third_510.01 1.0
third_510.03 1.0
third_710.00 Only one class
third_731.00 Only one class